ChatSoonE/app/build/intermediates/manifest_merge_blame_file/debug/manifest-merger-blame-debug-report.txt
1<?xml version="1.0" encoding="utf-8"?>
2<manifest xmlns:android="http://schemas.android.com/apk/res/android"
3    package="com.chat_soon_e.chat_soon_e"
4    android:versionCode="1"
5    android:versionName="1.0" >
6
7    <uses-sdk
8        android:minSdkVersion="23"
8-->src\main\AndroidManifest.xml
9        android:targetSdkVersion="31" />
9-->src\main\AndroidManifest.xml
10
11    <uses-permission android:name="android.permission.INTERNET" />
11-->src\main\AndroidManifest.xml:5:5-67
11-->src\main\AndroidManifest.xml:5:22-64
12    <uses-permission android:name="android.permission.FOREGROUND_SERVICE" />
12-->src\main\AndroidManifest.xml:6:5-77
12-->src\main\AndroidManifest.xml:6:22-74
13    <uses-permission android:name="android.permission.ACCESS_NETWORK_STATE" />
13-->src\main\AndroidManifest.xml:7:5-79
13-->src\main\AndroidManifest.xml:7:22-76
14    <uses-permission android:name="android.permission.ACCESS_WIFI_STATE" />
14-->src\main\AndroidManifest.xml:8:5-76
14-->src\main\AndroidManifest.xml:8:22-73
15
16    <queries>
16-->[com.kakao.sdk:v2-common:2.4.2] AndroidManifest.xml:11:5-19:15
17        <package android:name="com.kakao.talk" />
17-->[com.kakao.sdk:v2-common:2.4.2] AndroidManifest.xml:12:9-50
17-->[com.kakao.sdk:v2-common:2.4.2] AndroidManifest.xml:12:18-47
18        <package android:name="com.kakao.talk.alpha" />
18-->[com.kakao.sdk:v2-common:2.4.2] AndroidManifest.xml:13:9-56
18-->[com.kakao.sdk:v2-common:2.4.2] AndroidManifest.xml:13:18-53
19        <package android:name="com.kakao.talk.sandbox" />
19-->[com.kakao.sdk:v2-common:2.4.2] AndroidManifest.xml:14:9-58
19-->[com.kakao.sdk:v2-common:2.4.2] AndroidManifest.xml:14:18-55
20        <package android:name="com.kakao.onetalk" />
20-->[com.kakao.sdk:v2-common:2.4.2] AndroidManifest.xml:15:9-53
20-->[com.kakao.sdk:v2-common:2.4.2] AndroidManifest.xml:15:18-50
21        <package android:name="com.android.chrome" />
21-->[com.kakao.sdk:v2-common:2.4.2] AndroidManifest.xml:16:9-54
21-->[com.kakao.sdk:v2-common:2.4.2] AndroidManifest.xml:16:18-51
22        <package android:name="com.chrome.beta" />
22-->[com.kakao.sdk:v2-common:2.4.2] AndroidManifest.xml:17:9-51
22-->[com.kakao.sdk:v2-common:2.4.2] AndroidManifest.xml:17:18-48
23        <package android:name="com.chrome.dev" />
23-->[com.kakao.sdk:v2-common:2.4.2] AndroidManifest.xml:18:9-50
23-->[com.kakao.sdk:v2-common:2.4.2] AndroidManifest.xml:18:18-47
24    </queries>
25
26    <application
26-->src\main\AndroidManifest.xml:9:5-63:19
27        android:name="com.chat_soon_e.chat_soon_e.ApplicationClass"
27-->src\main\AndroidManifest.xml:10:9-68
28        android:allowBackup="true"
28-->src\main\AndroidManifest.xml:11:9-35
29        android:appComponentFactory="androidx.core.app.CoreComponentFactory"
29-->[androidx.core:core:1.7.0] AndroidManifest.xml:24:18-86
30        android:debuggable="true"
31        android:extractNativeLibs="false"
32        android:icon="@mipmap/ic_launcher"
32-->src\main\AndroidManifest.xml:12:9-43
33        android:label="@string/app_name"
33-->src\main\AndroidManifest.xml:13:9-41
34        android:roundIcon="@mipmap/ic_launcher_round"
34-->src\main\AndroidManifest.xml:14:9-54
35        android:supportsRtl="true"
35-->src\main\AndroidManifest.xml:15:9-35
36        android:testOnly="true"
37        android:theme="@style/Theme.Template_Basic"
37-->src\main\AndroidManifest.xml:17:9-52
38        android:usesCleartextTraffic="true" >
38-->src\main\AndroidManifest.xml:16:9-44
39
40        <!-- SplashActivity -->
41        <activity
41-->src\main\AndroidManifest.xml:20:9-28:20
42            android:name="com.chat_soon_e.chat_soon_e.ui.SplashActivity"
42-->src\main\AndroidManifest.xml:21:13-73
43            android:exported="true" >
43-->src\main\AndroidManifest.xml:22:13-36
44            <intent-filter>
44-->src\main\AndroidManifest.xml:23:13-27:29
45                <action android:name="android.intent.action.MAIN" />
45-->src\main\AndroidManifest.xml:24:17-69
45-->src\main\AndroidManifest.xml:24:25-66
46
47                <category android:name="android.intent.category.LAUNCHER" />
47-->src\main\AndroidManifest.xml:26:17-77
47-->src\main\AndroidManifest.xml:26:27-74
48            </intent-filter>
49        </activity>
50        <activity android:name="com.chat_soon_e.chat_soon_e.ui.PermissionActivity" />
50-->src\main\AndroidManifest.xml:30:9-59
50-->src\main\AndroidManifest.xml:30:19-56
51        <activity
51-->src\main\AndroidManifest.xml:31:9-106
52            android:name="com.chat_soon_e.chat_soon_e.ui.SignUpActivity"
52-->src\main\AndroidManifest.xml:31:19-79
53            android:exported="true" />
53-->src\main\AndroidManifest.xml:31:80-103
54        <activity
54-->src\main\AndroidManifest.xml:32:9-104
55            android:name="com.chat_soon_e.chat_soon_e.ui.MainActivity"
55-->src\main\AndroidManifest.xml:32:19-77
56            android:exported="true" />
56-->src\main\AndroidManifest.xml:32:78-101
57        <activity
57-->src\main\AndroidManifest.xml:33:9-77
58            android:name="com.chat_soon_e.chat_soon_e.ui.ChatActivity"
58-->src\main\AndroidManifest.xml:33:19-50
59            android:exported="true" />
59-->src\main\AndroidManifest.xml:33:51-74
60        <activity
60-->src\main\AndroidManifest.xml:34:9-83
61            android:name="com.chat_soon_e.chat_soon_e.ui.FolderChatActivity"
61-->src\main\AndroidManifest.xml:34:19-56
62            android:exported="true" />
62-->src\main\AndroidManifest.xml:34:57-80
63        <activity
63-->src\main\AndroidManifest.xml:35:9-81
64            android:name="com.chat_soon_e.chat_soon_e.ui.MyFolderActivity"
64-->src\main\AndroidManifest.xml:35:19-54
65            android:exported="true" />
65-->src\main\AndroidManifest.xml:35:55-78
66        <activity
66-->src\main\AndroidManifest.xml:36:9-79
67            android:name="com.chat_soon_e.chat_soon_e.ui.FolderActivity"
67-->src\main\AndroidManifest.xml:36:19-52
68            android:exported="true" />
68-->src\main\AndroidManifest.xml:36:53-76
69        <activity
69-->src\main\AndroidManifest.xml:37:9-86
70            android:name="com.chat_soon_e.chat_soon_e.ui.CreatePatternActivity"
70-->src\main\AndroidManifest.xml:37:19-59
71            android:exported="true" />
71-->src\main\AndroidManifest.xml:37:60-83
72        <activity
72-->src\main\AndroidManifest.xml:38:9-85
73            android:name="com.chat_soon_e.chat_soon_e.ui.HiddenFolderActivity"
73-->src\main\AndroidManifest.xml:38:19-58
74            android:exported="true" />
74-->src\main\AndroidManifest.xml:38:59-82
75        <activity
75-->src\main\AndroidManifest.xml:39:9-85
76            android:name="com.chat_soon_e.chat_soon_e.ui.InputPatternActivity"
76-->src\main\AndroidManifest.xml:39:19-58
77            android:exported="true" />
77-->src\main\AndroidManifest.xml:39:59-82
78        <activity
78-->src\main\AndroidManifest.xml:41:9-53:20
79            android:name="com.kakao.sdk.auth.AuthCodeHandlerActivity"
79-->src\main\AndroidManifest.xml:42:13-70
80            android:exported="true"
80-->src\main\AndroidManifest.xml:43:13-36
81            android:launchMode="singleTask"
81-->[com.kakao.sdk:v2-auth:2.4.2] AndroidManifest.xml:19:13-44
82            android:theme="@style/TransparentCompat" >
82-->[com.kakao.sdk:v2-auth:2.4.2] AndroidManifest.xml:20:13-53
83            <intent-filter>
83-->src\main\AndroidManifest.xml:44:13-52:29
84                <action android:name="android.intent.action.VIEW" />
84-->src\main\AndroidManifest.xml:45:17-69
84-->src\main\AndroidManifest.xml:45:25-66
85
86                <category android:name="android.intent.category.DEFAULT" />
86-->src\main\AndroidManifest.xml:46:17-76
86-->src\main\AndroidManifest.xml:46:27-73
87                <category android:name="android.intent.category.BROWSABLE" />
87-->src\main\AndroidManifest.xml:47:17-78
87-->src\main\AndroidManifest.xml:47:27-75
88
89                <!-- Redirect URI: "kakao{NATIVE_APP_KEY}://oauth" -->
90                <data
90-->src\main\AndroidManifest.xml:50:17-51:78
91                    android:host="oauth"
91-->src\main\AndroidManifest.xml:50:23-43
92                    android:scheme="kakao344ce6395e3e90c63689e4fef30067f0" />
92-->src\main\AndroidManifest.xml:51:21-75
93            </intent-filter>
94        </activity>
95
96        <!-- NotificationListener 권한 얻기 -->
97        <service
97-->src\main\AndroidManifest.xml:56:9-62:19
98            android:name="com.chat_soon_e.chat_soon_e.ui.MyNotificationListener"
98-->src\main\AndroidManifest.xml:56:18-59
99            android:exported="false"
99-->src\main\AndroidManifest.xml:58:13-37
100            android:permission="android.permission.BIND_NOTIFICATION_LISTENER_SERVICE" >
100-->src\main\AndroidManifest.xml:57:13-87
101            <intent-filter>
101-->src\main\AndroidManifest.xml:59:13-61:29
102                <action android:name="android.service.notification.NotificationListenerService" />
102-->src\main\AndroidManifest.xml:60:17-99
102-->src\main\AndroidManifest.xml:60:25-96
103            </intent-filter>
104        </service>
105
106        <activity
106-->[com.kakao.sdk:v2-auth:2.4.2] AndroidManifest.xml:12:9-16:56
107            android:name="com.kakao.sdk.auth.TalkAuthCodeActivity"
107-->[com.kakao.sdk:v2-auth:2.4.2] AndroidManifest.xml:13:13-67
108            android:exported="false"
108-->[com.kakao.sdk:v2-auth:2.4.2] AndroidManifest.xml:14:13-37
109            android:launchMode="singleTask"
109-->[com.kakao.sdk:v2-auth:2.4.2] AndroidManifest.xml:15:13-44
110            android:theme="@style/TransparentCompat" />
110-->[com.kakao.sdk:v2-auth:2.4.2] AndroidManifest.xml:16:13-53
111        <activity
111-->[gun0912.ted:tedpermission:2.2.3] AndroidManifest.xml:10:9-14:67
112            android:name="com.gun0912.tedpermission.TedPermissionActivity"
112-->[gun0912.ted:tedpermission:2.2.3] AndroidManifest.xml:11:13-75
113            android:configChanges="mcc|mnc|locale|keyboard|keyboardHidden|screenLayout|fontScale|uiMode|orientation|screenSize|layoutDirection"
113-->[gun0912.ted:tedpermission:2.2.3] AndroidManifest.xml:12:13-144
114            android:screenOrientation="unspecified"
114-->[gun0912.ted:tedpermission:2.2.3] AndroidManifest.xml:13:13-52
115            android:theme="@style/Theme.Transparent.Permission" />
115-->[gun0912.ted:tedpermission:2.2.3] AndroidManifest.xml:14:13-64
116
117        <service
117-->[androidx.room:room-runtime:2.3.0] AndroidManifest.xml:25:9-28:40
118            android:name="androidx.room.MultiInstanceInvalidationService"
118-->[androidx.room:room-runtime:2.3.0] AndroidManifest.xml:26:13-74
119            android:directBootAware="true"
119-->[androidx.room:room-runtime:2.3.0] AndroidManifest.xml:27:13-43
120            android:exported="false" />
120-->[androidx.room:room-runtime:2.3.0] AndroidManifest.xml:28:13-37
121
122        <provider
122-->[androidx.emoji2:emoji2:1.0.0] AndroidManifest.xml:26:9-34:20
123            android:name="androidx.startup.InitializationProvider"
123-->[androidx.emoji2:emoji2:1.0.0] AndroidManifest.xml:27:13-67
124            android:authorities="com.chat_soon_e.chat_soon_e.androidx-startup"
124-->[androidx.emoji2:emoji2:1.0.0] AndroidManifest.xml:28:13-68
125            android:exported="false" >
125-->[androidx.emoji2:emoji2:1.0.0] AndroidManifest.xml:29:13-37
126            <meta-data
126-->[androidx.emoji2:emoji2:1.0.0] AndroidManifest.xml:31:13-33:52
127                android:name="androidx.emoji2.text.EmojiCompatInitializer"
127-->[androidx.emoji2:emoji2:1.0.0] AndroidManifest.xml:32:17-75
128                android:value="androidx.startup" />
128-->[androidx.emoji2:emoji2:1.0.0] AndroidManifest.xml:33:17-49
129            <meta-data
129-->[androidx.lifecycle:lifecycle-process:2.4.0] AndroidManifest.xml:31:13-33:52
130                android:name="androidx.lifecycle.ProcessLifecycleInitializer"
130-->[androidx.lifecycle:lifecycle-process:2.4.0] AndroidManifest.xml:32:17-78
131                android:value="androidx.startup" />
131-->[androidx.lifecycle:lifecycle-process:2.4.0] AndroidManifest.xml:33:17-49
132        </provider>
133    </application>
134
135</manifest>